<?xml version="1.0" encoding="UTF-8"?>
<!-- Generated by org.testng.reporters.JUnitXMLReporter -->
<testsuite ignored="0" hostname="DESKTOP-VRS30OQ" failures="0" tests="4" name="Test" time="0.083" errors="0" timestamp="2022-02-21T18:58:47 IST">
  <testcase classname="Automation.maven.seleniumDemoTest" name="BrowserAutomation" time="0.012"/>
  <testcase classname="Automation.maven.seleniumDemoTest" name="elementsIos" time="0.002"/>
  <testcase classname="Automation.maven.RESTAPITest" name="deleteTwiter" time="0.002"/>
  <testcase classname="Automation.maven.RESTAPITest" name="postjira" time="0.002"/>
</testsuite> <!-- Test -->
