<?xml version="1.0" encoding="UTF-8"?>
<testng-results ignored="0" total="1" passed="1" failed="0" skipped="0">
  <reporter-output>
  </reporter-output>
  <suite started-at="2022-03-05T21:49:17 IST" name="Default suite" finished-at="2022-03-05T21:49:39 IST" duration-ms="21689">
    <groups>
    </groups>
    <test started-at="2022-03-05T21:49:17 IST" name="Default test" finished-at="2022-03-05T21:49:39 IST" duration-ms="21689">
      <class name="ExtentReports.ExtentReportsDemo">
        <test-method is-config="true" signature="config()[pri:0, instance:ExtentReports.ExtentReportsDemo@1b11171f]" started-at="2022-03-05T21:49:17 IST" name="config" finished-at="2022-03-05T21:49:18 IST" duration-ms="880" status="PASS">
          <reporter-output>
          </reporter-output>
        </test-method> <!-- config -->
        <test-method signature="initialDemo()[pri:0, instance:ExtentReports.ExtentReportsDemo@1b11171f]" started-at="2022-03-05T21:49:18 IST" name="initialDemo" finished-at="2022-03-05T21:49:39 IST" duration-ms="20726" status="PASS">
          <reporter-output>
          </reporter-output>
        </test-method> <!-- initialDemo -->
      </class> <!-- ExtentReports.ExtentReportsDemo -->
    </test> <!-- Default test -->
  </suite> <!-- Default suite -->
</testng-results>
