<?xml version="1.0" encoding="UTF-8"?>
<testng-results ignored="0" total="6" passed="6" failed="0" skipped="0">
  <reporter-output>
  </reporter-output>
  <suite started-at="2022-02-12T15:23:05 IST" name="Suite" finished-at="2022-02-12T15:23:05 IST" duration-ms="74">
    <groups>
    </groups>
    <test started-at="2022-02-12T15:23:05 IST" name="Test" finished-at="2022-02-12T15:23:05 IST" duration-ms="74">
      <class name="Automation.maven.RESTAPITest">
        <test-method signature="deleteTwiter()[pri:0, instance:Automation.maven.RESTAPITest@1b1473ab]" started-at="2022-02-12T15:23:05 IST" name="deleteTwiter" finished-at="2022-02-12T15:23:05 IST" duration-ms="0" status="PASS">
          <reporter-output>
          </reporter-output>
        </test-method> <!-- deleteTwiter -->
        <test-method signature="postjira()[pri:0, instance:Automation.maven.RESTAPITest@1b1473ab]" started-at="2022-02-12T15:23:05 IST" name="postjira" finished-at="2022-02-12T15:23:05 IST" duration-ms="1" status="PASS">
          <reporter-output>
          </reporter-output>
        </test-method> <!-- postjira -->
      </class> <!-- Automation.maven.RESTAPITest -->
      <class name="Automation.maven.AppiumTest">
        <test-method signature="IOSAPP()[pri:0, instance:Automation.maven.AppiumTest@2f7c2f4f]" started-at="2022-02-12T15:23:05 IST" name="IOSAPP" finished-at="2022-02-12T15:23:05 IST" duration-ms="1" status="PASS">
          <reporter-output>
          </reporter-output>
        </test-method> <!-- IOSAPP -->
        <test-method signature="NativeAndroid()[pri:0, instance:Automation.maven.AppiumTest@2f7c2f4f]" started-at="2022-02-12T15:23:05 IST" name="NativeAndroid" finished-at="2022-02-12T15:23:05 IST" duration-ms="1" status="PASS">
          <reporter-output>
          </reporter-output>
        </test-method> <!-- NativeAndroid -->
      </class> <!-- Automation.maven.AppiumTest -->
      <class name="Automation.maven.seleniumDemoTest">
        <test-method signature="BrowserAutomation()[pri:0, instance:Automation.maven.seleniumDemoTest@2ea227af]" started-at="2022-02-12T15:23:05 IST" name="BrowserAutomation" finished-at="2022-02-12T15:23:05 IST" duration-ms="7" status="PASS">
          <reporter-output>
          </reporter-output>
        </test-method> <!-- BrowserAutomation -->
        <test-method signature="elementsIos()[pri:0, instance:Automation.maven.seleniumDemoTest@2ea227af]" started-at="2022-02-12T15:23:05 IST" name="elementsIos" finished-at="2022-02-12T15:23:05 IST" duration-ms="0" status="PASS">
          <reporter-output>
          </reporter-output>
        </test-method> <!-- elementsIos -->
      </class> <!-- Automation.maven.seleniumDemoTest -->
    </test> <!-- Test -->
  </suite> <!-- Suite -->
</testng-results>
