<?xml version="1.0" encoding="UTF-8"?>
<!-- Generated by org.testng.reporters.JUnitXMLReporter -->
<testsuite ignored="0" hostname="DESKTOP-VRS30OQ" failures="0" tests="6" name="Test" time="0.074" errors="0" timestamp="2022-02-12T15:23:05 IST">
  <testcase classname="Automation.maven.seleniumDemoTest" name="BrowserAutomation" time="0.007"/>
  <testcase classname="Automation.maven.seleniumDemoTest" name="elementsIos" time="0.0"/>
  <testcase classname="Automation.maven.RESTAPITest" name="deleteTwiter" time="0.0"/>
  <testcase classname="Automation.maven.RESTAPITest" name="postjira" time="0.001"/>
  <testcase classname="Automation.maven.AppiumTest" name="IOSAPP" time="0.001"/>
  <testcase classname="Automation.maven.AppiumTest" name="NativeAndroid" time="0.001"/>
</testsuite> <!-- Test -->
